0 info it worked if it ends with ok
1 verbose cli [ 'C:\\Program Files (x86)\\nodejs\\node.exe',
1 verbose cli   'C:\\Users\\Will\\AppData\\Roaming\\npm\\node_modules\\npm\\bin\\npm-cli.js',
1 verbose cli   'run',
1 verbose cli   'test' ]
2 info using npm@3.5.0
3 info using node@v4.0.0
4 verbose run-script [ 'pretest', 'test', 'posttest' ]
5 info lifecycle react-ludum-boilerplate@0.3.0~pretest: react-ludum-boilerplate@0.3.0
6 silly lifecycle react-ludum-boilerplate@0.3.0~pretest: no script for pretest, continuing
7 info lifecycle react-ludum-boilerplate@0.3.0~test: react-ludum-boilerplate@0.3.0
8 verbose lifecycle react-ludum-boilerplate@0.3.0~test: unsafe-perm in lifecycle true
9 verbose lifecycle react-ludum-boilerplate@0.3.0~test: PATH: C:\Users\Will\AppData\Roaming\npm\node_modules\npm\bin\node-gyp-bin;G:\Code\ld34\node_modules\.bin;G:\Tools\cmder\bin;C:\Program Files (x86)\Git\bin;C:\Program Files (x86)\Git\usr\bin;C:\Program Files (x86)\Git\share\vim\vim74;G:\Tools\cmder\vendor\conemu-maximus5;G:\Tools\cmder\vendor\conemu-maximus5\ConEmu;C:\Windows\system32;C:\Windows;C:\Windows\System32\Wbem;C:\Windows\System32\WindowsPowerShell\v1.0\;C:\Program Files\Microsoft SQL Server\110\Tools\Binn\;C:\Program Files (x86)\QuickTime\QTSystem\;G:\Code\Haxe\haxe\;G:\Code\Haxe\neko;C:\Program Files\Microsoft SQL Server\120\Tools\Binn\;C:\Program Files (x86)\Windows Live\Shared;C:\Program Files (x86)\MiKTeX 2.9\miktex\bin\;C:\Program Files (x86)\NVIDIA Corporation\PhysX\Common;C:\Program Files (x86)\Vagrant\bin;C:\WINDOWS\system32;C:\WINDOWS;C:\WINDOWS\System32\Wbem;C:\WINDOWS\System32\WindowsPowerShell\v1.0\;C:\Users\Will\.dnx\bin;C:\Program Files\Microsoft DNX\Dnvm\;C:\Program Files\Microsoft\Web Platform Installer\;C:\Program Files (x86)\Windows Kits\8.1\Windows Performance Toolkit\;C:\Program Files (x86)\nodejs\;C:\Users\Will\Anaconda;C:\Users\Will\Anaconda\Scripts;C:\Users\Will\AppData\Local\GitHub\PortableGit_054f2e797ebafd44a30203088cd3d58663c627ef/bin;C:\Users\Will\AppData\Roaming\npm;C:\Program Files (x86)\Microsoft VS Code\bin;C:\Program Files\Sublime Text 3;G:\Tools\cmder
10 verbose lifecycle react-ludum-boilerplate@0.3.0~test: CWD: G:\Code\ld34
11 silly lifecycle react-ludum-boilerplate@0.3.0~test: Args: [ '/d /s /c',
11 silly lifecycle   'mocha --compilers js:babel-core/register test/**/*.js' ]
12 silly lifecycle react-ludum-boilerplate@0.3.0~test: Returned: code: 2  signal: null
13 info lifecycle react-ludum-boilerplate@0.3.0~test: Failed to exec test script
14 verbose stack Error: react-ludum-boilerplate@0.3.0 test: `mocha --compilers js:babel-core/register test/**/*.js`
14 verbose stack Exit status 2
14 verbose stack     at EventEmitter.<anonymous> (C:\Users\Will\AppData\Roaming\npm\node_modules\npm\lib\utils\lifecycle.js:232:16)
14 verbose stack     at emitTwo (events.js:87:13)
14 verbose stack     at EventEmitter.emit (events.js:172:7)
14 verbose stack     at ChildProcess.<anonymous> (C:\Users\Will\AppData\Roaming\npm\node_modules\npm\lib\utils\spawn.js:24:14)
14 verbose stack     at emitTwo (events.js:87:13)
14 verbose stack     at ChildProcess.emit (events.js:172:7)
14 verbose stack     at maybeClose (internal/child_process.js:817:16)
14 verbose stack     at Process.ChildProcess._handle.onexit (internal/child_process.js:211:5)
15 verbose pkgid react-ludum-boilerplate@0.3.0
16 verbose cwd G:\Code\ld34
17 error Windows_NT 10.0.10240
18 error argv "C:\\Program Files (x86)\\nodejs\\node.exe" "C:\\Users\\Will\\AppData\\Roaming\\npm\\node_modules\\npm\\bin\\npm-cli.js" "run" "test"
19 error node v4.0.0
20 error npm  v3.5.0
21 error code ELIFECYCLE
22 error react-ludum-boilerplate@0.3.0 test: `mocha --compilers js:babel-core/register test/**/*.js`
22 error Exit status 2
23 error Failed at the react-ludum-boilerplate@0.3.0 test script 'mocha --compilers js:babel-core/register test/**/*.js'.
23 error Make sure you have the latest version of node.js and npm installed.
23 error If you do, this is most likely a problem with the react-ludum-boilerplate package,
23 error not with npm itself.
23 error Tell the author that this fails on your system:
23 error     mocha --compilers js:babel-core/register test/**/*.js
23 error You can get their info via:
23 error     npm owner ls react-ludum-boilerplate
23 error There is likely additional logging output above.
24 verbose exit [ 1, true ]
